INFO:root:USC00257715.txt start time: 2023-03-30 17:49:31.047040
INFO:root:USC00257715.txt end time: 2023-03-30 17:49:31.150123
INFO:root:USC00257715.txt- number of records ingested: 10957
INFO:root:USC00113879.txt start time: 2023-03-30 17:49:31.150292
INFO:root:USC00113879.txt end time: 2023-03-30 17:49:31.237304
INFO:root:USC00113879.txt- number of records ingested: 9074
INFO:root:USC00127935.txt start time: 2023-03-30 17:49:31.237486
INFO:root:USC00127935.txt end time: 2023-03-30 17:49:31.330829
INFO:root:USC00127935.txt- number of records ingested: 10380
INFO:root:USC00112193.txt start time: 2023-03-30 17:49:31.331011
INFO:root:USC00112193.txt end time: 2023-03-30 17:49:31.429916
INFO:root:USC00112193.txt- number of records ingested: 10653
INFO:root:USC00250640.txt start time: 2023-03-30 17:49:31.430096
INFO:root:USC00250640.txt end time: 2023-03-30 17:49:31.528386
INFO:root:USC00250640.txt- number of records ingested: 10957
INFO:root:USC00257070.txt start time: 2023-03-30 17:49:31.528558
INFO:root:USC00257070.txt end time: 2023-03-30 17:49:31.662731
INFO:root:USC00257070.txt- number of records ingested: 10926
INFO:root:USC00114442.txt start time: 2023-03-30 17:49:31.662905
INFO:root:USC00114442.txt end time: 2023-03-30 17:49:31.759786
INFO:root:USC00114442.txt- number of records ingested: 10957
INFO:root:USC00115833.txt start time: 2023-03-30 17:49:31.759960
INFO:root:USC00115833.txt end time: 2023-03-30 17:49:31.856436
INFO:root:USC00115833.txt- number of records ingested: 10866
INFO:root:USC00130133.txt start time: 2023-03-30 17:49:31.856605
INFO:root:USC00130133.txt end time: 2023-03-30 17:49:31.953595
INFO:root:USC00130133.txt- number of records ingested: 10957
INFO:root:USC00132724.txt start time: 2023-03-30 17:49:31.953765
INFO:root:USC00132724.txt end time: 2023-03-30 17:49:32.052749
INFO:root:USC00132724.txt- number of records ingested: 10836
INFO:root:USC00250130.txt start time: 2023-03-30 17:49:32.052906
INFO:root:USC00250130.txt end time: 2023-03-30 17:49:32.139433
INFO:root:USC00250130.txt- number of records ingested: 9587
INFO:root:USC00256970.txt start time: 2023-03-30 17:49:32.139599
INFO:root:USC00256970.txt end time: 2023-03-30 17:49:32.234580
INFO:root:USC00256970.txt- number of records ingested: 10017
INFO:root:USC00116446.txt start time: 2023-03-30 17:49:32.234742
INFO:root:USC00116446.txt end time: 2023-03-30 17:49:32.336120
INFO:root:USC00116446.txt- number of records ingested: 10654
INFO:root:USC00253175.txt start time: 2023-03-30 17:49:32.336289
INFO:root:USC00253175.txt end time: 2023-03-30 17:49:32.434722
INFO:root:USC00253175.txt- number of records ingested: 10957
INFO:root:USC00129113.txt start time: 2023-03-30 17:49:32.434892
INFO:root:USC00129113.txt end time: 2023-03-30 17:49:32.560741
INFO:root:USC00129113.txt- number of records ingested: 10927
INFO:root:USC00134142.txt start time: 2023-03-30 17:49:32.560894
INFO:root:USC00134142.txt end time: 2023-03-30 17:49:32.669583
INFO:root:USC00134142.txt- number of records ingested: 10807
INFO:root:USC00121229.txt start time: 2023-03-30 17:49:32.669758
INFO:root:USC00121229.txt end time: 2023-03-30 17:49:32.726464
INFO:root:USC00121229.txt- number of records ingested: 6087
INFO:root:USC00116526.txt start time: 2023-03-30 17:49:32.726648
INFO:root:USC00116526.txt end time: 2023-03-30 17:49:32.825164
INFO:root:USC00116526.txt- number of records ingested: 10926
INFO:root:USC00259510.txt start time: 2023-03-30 17:49:32.825368
INFO:root:USC00259510.txt end time: 2023-03-30 17:49:32.904331
INFO:root:USC00259510.txt- number of records ingested: 8735
INFO:root:USC00255470.txt start time: 2023-03-30 17:49:32.904505
INFO:root:USC00255470.txt end time: 2023-03-30 17:49:32.981951
INFO:root:USC00255470.txt- number of records ingested: 8489
INFO:root:USC00257515.txt start time: 2023-03-30 17:49:32.982108
INFO:root:USC00257515.txt end time: 2023-03-30 17:49:33.072094
INFO:root:USC00257515.txt- number of records ingested: 10075
INFO:root:USC00258395.txt start time: 2023-03-30 17:49:33.072258
INFO:root:USC00258395.txt end time: 2023-03-30 17:49:33.169688
INFO:root:USC00258395.txt- number of records ingested: 10957
INFO:root:USC00338313.txt start time: 2023-03-30 17:49:33.169854
INFO:root:USC00338313.txt end time: 2023-03-30 17:49:33.260150
INFO:root:USC00338313.txt- number of records ingested: 9862
INFO:root:USC00131402.txt start time: 2023-03-30 17:49:33.260315
INFO:root:USC00131402.txt end time: 2023-03-30 17:49:33.357648
INFO:root:USC00131402.txt- number of records ingested: 10957
INFO:root:USC00118916.txt start time: 2023-03-30 17:49:33.357809
INFO:root:USC00118916.txt end time: 2023-03-30 17:49:33.494843
INFO:root:USC00118916.txt- number of records ingested: 10865
INFO:root:USC00124181.txt start time: 2023-03-30 17:49:33.495003
INFO:root:USC00124181.txt end time: 2023-03-30 17:49:33.592715
INFO:root:USC00124181.txt- number of records ingested: 10681
INFO:root:USC00128036.txt start time: 2023-03-30 17:49:33.592880
INFO:root:USC00128036.txt end time: 2023-03-30 17:49:33.696351
INFO:root:USC00128036.txt- number of records ingested: 10835
INFO:root:USC00126580.txt start time: 2023-03-30 17:49:33.696503
INFO:root:USC00126580.txt end time: 2023-03-30 17:49:33.795909
INFO:root:USC00126580.txt- number of records ingested: 10899
INFO:root:USC00129670.txt start time: 2023-03-30 17:49:33.796066
INFO:root:USC00129670.txt end time: 2023-03-30 17:49:33.896125
INFO:root:USC00129670.txt- number of records ingested: 10957
INFO:root:USC00115943.txt start time: 2023-03-30 17:49:33.896301
INFO:root:USC00115943.txt end time: 2023-03-30 17:49:33.994576
INFO:root:USC00115943.txt- number of records ingested: 10957
INFO:root:USC00124008.txt start time: 2023-03-30 17:49:33.994744
INFO:root:USC00124008.txt end time: 2023-03-30 17:49:34.046090
INFO:root:USC00124008.txt- number of records ingested: 5476
INFO:root:USC00116910.txt start time: 2023-03-30 17:49:34.046248
INFO:root:USC00116910.txt end time: 2023-03-30 17:49:34.142437
INFO:root:USC00116910.txt- number of records ingested: 10898
INFO:root:USC00114108.txt start time: 2023-03-30 17:49:34.142616
INFO:root:USC00114108.txt end time: 2023-03-30 17:49:34.239060
INFO:root:USC00114108.txt- number of records ingested: 10896
INFO:root:USC00127298.txt start time: 2023-03-30 17:49:34.239223
INFO:root:USC00127298.txt end time: 2023-03-30 17:49:34.338019
INFO:root:USC00127298.txt- number of records ingested: 10957
INFO:root:USC00110187.txt start time: 2023-03-30 17:49:34.338185
INFO:root:USC00110187.txt end time: 2023-03-30 17:49:34.432776
INFO:root:USC00110187.txt- number of records ingested: 10407
INFO:root:USC00253365.txt start time: 2023-03-30 17:49:34.432947
INFO:root:USC00253365.txt end time: 2023-03-30 17:49:34.531414
INFO:root:USC00253365.txt- number of records ingested: 10926
INFO:root:USC00251200.txt start time: 2023-03-30 17:49:34.531591
INFO:root:USC00251200.txt end time: 2023-03-30 17:49:34.629330
INFO:root:USC00251200.txt- number of records ingested: 10805
INFO:root:USC00112140.txt start time: 2023-03-30 17:49:34.629495
INFO:root:USC00112140.txt end time: 2023-03-30 17:49:34.731969
INFO:root:USC00112140.txt- number of records ingested: 10957
INFO:root:USC00253615.txt start time: 2023-03-30 17:49:34.732137
INFO:root:USC00253615.txt end time: 2023-03-30 17:49:34.830765
INFO:root:USC00253615.txt- number of records ingested: 10927
INFO:root:USC00255310.txt start time: 2023-03-30 17:49:34.830927
INFO:root:USC00255310.txt end time: 2023-03-30 17:49:34.928410
INFO:root:USC00255310.txt- number of records ingested: 10926
INFO:root:USC00132864.txt start time: 2023-03-30 17:49:34.928569
INFO:root:USC00132864.txt end time: 2023-03-30 17:49:35.025362
INFO:root:USC00132864.txt- number of records ingested: 10957
INFO:root:USC00129511.txt start time: 2023-03-30 17:49:35.025523
INFO:root:USC00129511.txt end time: 2023-03-30 17:49:35.086824
INFO:root:USC00129511.txt- number of records ingested: 6849
INFO:root:USC00118740.txt start time: 2023-03-30 17:49:35.086988
INFO:root:USC00118740.txt end time: 2023-03-30 17:49:35.184650
INFO:root:USC00118740.txt- number of records ingested: 10957
INFO:root:USC00333780.txt start time: 2023-03-30 17:49:35.184811
INFO:root:USC00333780.txt end time: 2023-03-30 17:49:35.281969
INFO:root:USC00333780.txt- number of records ingested: 10927
INFO:root:USC00254900.txt start time: 2023-03-30 17:49:35.282157
INFO:root:USC00254900.txt end time: 2023-03-30 17:49:35.379532
INFO:root:USC00254900.txt- number of records ingested: 10927
INFO:root:USC00255565.txt start time: 2023-03-30 17:49:35.379705
INFO:root:USC00255565.txt end time: 2023-03-30 17:49:35.477833
INFO:root:USC00255565.txt- number of records ingested: 10957
INFO:root:USC00250435.txt start time: 2023-03-30 17:49:35.478006
INFO:root:USC00250435.txt end time: 2023-03-30 17:49:35.575373
INFO:root:USC00250435.txt- number of records ingested: 10957
INFO:root:USC00252020.txt start time: 2023-03-30 17:49:35.575539
INFO:root:USC00252020.txt end time: 2023-03-30 17:49:35.670579
INFO:root:USC00252020.txt- number of records ingested: 10746
INFO:root:USC00138296.txt start time: 2023-03-30 17:49:35.670762
INFO:root:USC00138296.txt end time: 2023-03-30 17:49:35.768316
INFO:root:USC00138296.txt- number of records ingested: 10837
INFO:root:USC00132977.txt start time: 2023-03-30 17:49:35.768477
INFO:root:USC00132977.txt end time: 2023-03-30 17:49:35.869577
INFO:root:USC00132977.txt- number of records ingested: 10957
INFO:root:USC00118147.txt start time: 2023-03-30 17:49:35.869759
INFO:root:USC00118147.txt end time: 2023-03-30 17:49:35.959922
INFO:root:USC00118147.txt- number of records ingested: 9896
INFO:root:USC00250622.txt start time: 2023-03-30 17:49:35.960082
INFO:root:USC00250622.txt end time: 2023-03-30 17:49:36.059271
INFO:root:USC00250622.txt- number of records ingested: 10896
INFO:root:USC00331592.txt start time: 2023-03-30 17:49:36.059438
INFO:root:USC00331592.txt end time: 2023-03-30 17:49:36.157484
INFO:root:USC00331592.txt- number of records ingested: 10957
INFO:root:USC00258915.txt start time: 2023-03-30 17:49:36.157663
INFO:root:USC00258915.txt end time: 2023-03-30 17:49:36.259975
INFO:root:USC00258915.txt- number of records ingested: 10957
INFO:root:USC00250420.txt start time: 2023-03-30 17:49:36.260138
INFO:root:USC00250420.txt end time: 2023-03-30 17:49:36.356470
INFO:root:USC00250420.txt- number of records ingested: 10379
INFO:root:USC00338830.txt start time: 2023-03-30 17:49:36.356644
INFO:root:USC00338830.txt end time: 2023-03-30 17:49:36.460236
INFO:root:USC00338830.txt- number of records ingested: 10957
INFO:root:USC00115515.txt start time: 2023-03-30 17:49:36.460389
INFO:root:USC00115515.txt end time: 2023-03-30 17:49:36.517652
INFO:root:USC00115515.txt- number of records ingested: 6271
INFO:root:USC00120784.txt start time: 2023-03-30 17:49:36.517817
INFO:root:USC00120784.txt end time: 2023-03-30 17:49:36.614887
INFO:root:USC00120784.txt- number of records ingested: 10897
INFO:root:USC00112483.txt start time: 2023-03-30 17:49:36.615054
INFO:root:USC00112483.txt end time: 2023-03-30 17:49:36.714461
INFO:root:USC00112483.txt- number of records ingested: 10898
INFO:root:USC00332098.txt start time: 2023-03-30 17:49:36.714628
INFO:root:USC00332098.txt end time: 2023-03-30 17:49:36.813123
INFO:root:USC00332098.txt- number of records ingested: 10927
INFO:root:USC00116579.txt start time: 2023-03-30 17:49:36.813297
INFO:root:USC00116579.txt end time: 2023-03-30 17:49:36.906565
INFO:root:USC00116579.txt- number of records ingested: 10407
INFO:root:USC00137979.txt start time: 2023-03-30 17:49:36.906722
INFO:root:USC00137979.txt end time: 2023-03-30 17:49:37.004125
INFO:root:USC00137979.txt- number of records ingested: 10926
INFO:root:USC00258480.txt start time: 2023-03-30 17:49:37.004295
INFO:root:USC00258480.txt end time: 2023-03-30 17:49:37.100304
INFO:root:USC00258480.txt- number of records ingested: 10808
INFO:root:USC00258133.txt start time: 2023-03-30 17:49:37.100472
INFO:root:USC00258133.txt end time: 2023-03-30 17:49:37.182918
INFO:root:USC00258133.txt- number of records ingested: 9225
INFO:root:USC00115712.txt start time: 2023-03-30 17:49:37.183086
INFO:root:USC00115712.txt end time: 2023-03-30 17:49:37.282393
INFO:root:USC00115712.txt- number of records ingested: 10957
INFO:root:USC00331152.txt start time: 2023-03-30 17:49:37.282547
INFO:root:USC00331152.txt end time: 2023-03-30 17:49:37.361890
INFO:root:USC00331152.txt- number of records ingested: 8886
INFO:root:USC00335297.txt start time: 2023-03-30 17:49:37.362054
INFO:root:USC00335297.txt end time: 2023-03-30 17:49:37.451998
INFO:root:USC00335297.txt- number of records ingested: 9557
INFO:root:USC00334189.txt start time: 2023-03-30 17:49:37.452157
INFO:root:USC00334189.txt end time: 2023-03-30 17:49:37.550436
INFO:root:USC00334189.txt- number of records ingested: 10834
INFO:root:USC00253660.txt start time: 2023-03-30 17:49:37.550596
INFO:root:USC00253660.txt end time: 2023-03-30 17:49:37.649150
INFO:root:USC00253660.txt- number of records ingested: 10896
INFO:root:USC00137161.txt start time: 2023-03-30 17:49:37.649313
INFO:root:USC00137161.txt end time: 2023-03-30 17:49:37.747770
INFO:root:USC00137161.txt- number of records ingested: 10957
INFO:root:USC00336600.txt start time: 2023-03-30 17:49:37.747940
INFO:root:USC00336600.txt end time: 2023-03-30 17:49:37.841999
INFO:root:USC00336600.txt- number of records ingested: 10561
INFO:root:USC00253715.txt start time: 2023-03-30 17:49:37.842177
INFO:root:USC00253715.txt end time: 2023-03-30 17:49:37.920239
INFO:root:USC00253715.txt- number of records ingested: 8521
INFO:root:USC00338822.txt start time: 2023-03-30 17:49:37.920404
INFO:root:USC00338822.txt end time: 2023-03-30 17:49:38.016999
INFO:root:USC00338822.txt- number of records ingested: 10957
INFO:root:USC00256135.txt start time: 2023-03-30 17:49:38.017163
INFO:root:USC00256135.txt end time: 2023-03-30 17:49:38.116310
INFO:root:USC00256135.txt- number of records ingested: 10957
INFO:root:USC00254440.txt start time: 2023-03-30 17:49:38.116485
INFO:root:USC00254440.txt end time: 2023-03-30 17:49:38.212664
INFO:root:USC00254440.txt- number of records ingested: 10866
INFO:root:USC00132999.txt start time: 2023-03-30 17:49:38.212840
INFO:root:USC00132999.txt end time: 2023-03-30 17:49:38.311758
INFO:root:USC00132999.txt- number of records ingested: 10804
INFO:root:USC00335041.txt start time: 2023-03-30 17:49:38.311926
INFO:root:USC00335041.txt end time: 2023-03-30 17:49:38.413647
INFO:root:USC00335041.txt- number of records ingested: 10896
INFO:root:USC00331541.txt start time: 2023-03-30 17:49:38.413810
INFO:root:USC00331541.txt end time: 2023-03-30 17:49:38.512137
INFO:root:USC00331541.txt- number of records ingested: 10957
INFO:root:USC00135952.txt start time: 2023-03-30 17:49:38.512305
INFO:root:USC00135952.txt end time: 2023-03-30 17:49:38.610545
INFO:root:USC00135952.txt- number of records ingested: 10899
INFO:root:USC00256040.txt start time: 2023-03-30 17:49:38.610712
INFO:root:USC00256040.txt end time: 2023-03-30 17:49:38.690865
INFO:root:USC00256040.txt- number of records ingested: 9009
INFO:root:USC00134735.txt start time: 2023-03-30 17:49:38.691037
INFO:root:USC00134735.txt end time: 2023-03-30 17:49:38.789897
INFO:root:USC00134735.txt- number of records ingested: 10928
INFO:root:USC00123513.txt start time: 2023-03-30 17:49:38.790064
INFO:root:USC00123513.txt end time: 2023-03-30 17:49:38.881246
INFO:root:USC00123513.txt- number of records ingested: 10347
INFO:root:USC00129557.txt start time: 2023-03-30 17:49:38.881402
INFO:root:USC00129557.txt end time: 2023-03-30 17:49:38.979018
INFO:root:USC00129557.txt- number of records ingested: 10957
INFO:root:USC00114198.txt start time: 2023-03-30 17:49:38.979215
INFO:root:USC00114198.txt end time: 2023-03-30 17:49:39.076176
INFO:root:USC00114198.txt- number of records ingested: 10926
INFO:root:USC00252820.txt start time: 2023-03-30 17:49:39.076344
INFO:root:USC00252820.txt end time: 2023-03-30 17:49:39.173610
INFO:root:USC00252820.txt- number of records ingested: 10896
INFO:root:USC00120177.txt start time: 2023-03-30 17:49:39.173766
INFO:root:USC00120177.txt end time: 2023-03-30 17:49:39.271063
INFO:root:USC00120177.txt- number of records ingested: 10837
INFO:root:USC00134894.txt start time: 2023-03-30 17:49:39.271224
INFO:root:USC00134894.txt end time: 2023-03-30 17:49:39.372100
INFO:root:USC00134894.txt- number of records ingested: 10867
INFO:root:USC00130600.txt start time: 2023-03-30 17:49:39.372293
INFO:root:USC00130600.txt end time: 2023-03-30 17:49:39.469317
INFO:root:USC00130600.txt- number of records ingested: 10928
INFO:root:USC00137147.txt start time: 2023-03-30 17:49:39.469481
INFO:root:USC00137147.txt end time: 2023-03-30 17:49:39.568093
INFO:root:USC00137147.txt- number of records ingested: 10957
INFO:root:USC00116610.txt start time: 2023-03-30 17:49:39.568260
INFO:root:USC00116610.txt end time: 2023-03-30 17:49:39.664904
INFO:root:USC00116610.txt- number of records ingested: 10957
INFO:root:USC00126705.txt start time: 2023-03-30 17:49:39.665063
INFO:root:USC00126705.txt end time: 2023-03-30 17:49:39.760378
INFO:root:USC00126705.txt- number of records ingested: 10598
INFO:root:USC00339312.txt start time: 2023-03-30 17:49:39.760545
INFO:root:USC00339312.txt end time: 2023-03-30 17:49:39.859966
INFO:root:USC00339312.txt- number of records ingested: 10957
INFO:root:USC00336196.txt start time: 2023-03-30 17:49:39.860123
INFO:root:USC00336196.txt end time: 2023-03-30 17:49:39.961739
INFO:root:USC00336196.txt- number of records ingested: 10957
INFO:root:USC00134063.txt start time: 2023-03-30 17:49:39.961914
INFO:root:USC00134063.txt end time: 2023-03-30 17:49:40.060030
INFO:root:USC00134063.txt- number of records ingested: 10714
INFO:root:USC00332119.txt start time: 2023-03-30 17:49:40.060192
INFO:root:USC00332119.txt end time: 2023-03-30 17:49:40.112423
INFO:root:USC00332119.txt- number of records ingested: 5722
INFO:root:USC00120200.txt start time: 2023-03-30 17:49:40.112580
INFO:root:USC00120200.txt end time: 2023-03-30 17:49:40.211927
INFO:root:USC00120200.txt- number of records ingested: 10927
INFO:root:USC00258465.txt start time: 2023-03-30 17:49:40.212090
INFO:root:USC00258465.txt end time: 2023-03-30 17:49:40.306136
INFO:root:USC00258465.txt- number of records ingested: 10684
INFO:root:USC00115326.txt start time: 2023-03-30 17:49:40.306294
INFO:root:USC00115326.txt end time: 2023-03-30 17:49:40.397339
INFO:root:USC00115326.txt- number of records ingested: 10077
INFO:root:USC00338769.txt start time: 2023-03-30 17:49:40.397499
INFO:root:USC00338769.txt end time: 2023-03-30 17:49:40.498002
INFO:root:USC00338769.txt- number of records ingested: 10957
INFO:root:USC00116558.txt start time: 2023-03-30 17:49:40.498162
INFO:root:USC00116558.txt end time: 2023-03-30 17:49:40.596914
INFO:root:USC00116558.txt- number of records ingested: 10804
INFO:root:USC00115079.txt start time: 2023-03-30 17:49:40.597079
INFO:root:USC00115079.txt end time: 2023-03-30 17:49:40.691656
INFO:root:USC00115079.txt- number of records ingested: 10501
INFO:root:USC00253735.txt start time: 2023-03-30 17:49:40.691828
INFO:root:USC00253735.txt end time: 2023-03-30 17:49:40.789065
INFO:root:USC00253735.txt- number of records ingested: 10868
INFO:root:USC00333758.txt start time: 2023-03-30 17:49:40.789226
INFO:root:USC00333758.txt end time: 2023-03-30 17:49:40.884818
INFO:root:USC00333758.txt- number of records ingested: 10712
INFO:root:USC00335315.txt start time: 2023-03-30 17:49:40.884989
INFO:root:USC00335315.txt end time: 2023-03-30 17:49:40.973604
INFO:root:USC00335315.txt- number of records ingested: 9768
INFO:root:USC00252205.txt start time: 2023-03-30 17:49:40.973778
INFO:root:USC00252205.txt end time: 2023-03-30 17:49:41.070312
INFO:root:USC00252205.txt- number of records ingested: 10926
INFO:root:USC00125237.txt start time: 2023-03-30 17:49:41.070477
INFO:root:USC00125237.txt end time: 2023-03-30 17:49:41.169098
INFO:root:USC00125237.txt- number of records ingested: 10865
INFO:root:USC00333375.txt start time: 2023-03-30 17:49:41.169257
INFO:root:USC00333375.txt end time: 2023-03-30 17:49:41.267662
INFO:root:USC00333375.txt- number of records ingested: 10926
INFO:root:USC00338552.txt start time: 2023-03-30 17:49:41.267830
INFO:root:USC00338552.txt end time: 2023-03-30 17:49:41.368255
INFO:root:USC00338552.txt- number of records ingested: 10896
INFO:root:USC00132789.txt start time: 2023-03-30 17:49:41.368428
INFO:root:USC00132789.txt end time: 2023-03-30 17:49:41.468150
INFO:root:USC00132789.txt- number of records ingested: 10957
INFO:root:USC00250375.txt start time: 2023-03-30 17:49:41.468324
INFO:root:USC00250375.txt end time: 2023-03-30 17:49:41.565973
INFO:root:USC00250375.txt- number of records ingested: 10835
INFO:root:USC00138688.txt start time: 2023-03-30 17:49:41.566145
INFO:root:USC00138688.txt end time: 2023-03-30 17:49:41.664557
INFO:root:USC00138688.txt- number of records ingested: 10957
INFO:root:USC00115901.txt start time: 2023-03-30 17:49:41.664719
INFO:root:USC00115901.txt end time: 2023-03-30 17:49:41.761542
INFO:root:USC00115901.txt- number of records ingested: 10957
INFO:root:USC00122149.txt start time: 2023-03-30 17:49:41.761714
INFO:root:USC00122149.txt end time: 2023-03-30 17:49:41.850902
INFO:root:USC00122149.txt- number of records ingested: 9554
INFO:root:USC00114823.txt start time: 2023-03-30 17:49:41.851066
INFO:root:USC00114823.txt end time: 2023-03-30 17:49:41.948824
INFO:root:USC00114823.txt- number of records ingested: 10929
INFO:root:USC00110338.txt start time: 2023-03-30 17:49:41.948996
INFO:root:USC00110338.txt end time: 2023-03-30 17:49:42.044238
INFO:root:USC00110338.txt- number of records ingested: 10712
INFO:root:USC00121873.txt start time: 2023-03-30 17:49:42.044403
INFO:root:USC00121873.txt end time: 2023-03-30 17:49:42.140321
INFO:root:USC00121873.txt- number of records ingested: 10742
INFO:root:USC00123527.txt start time: 2023-03-30 17:49:42.140486
INFO:root:USC00123527.txt end time: 2023-03-30 17:49:42.237820
INFO:root:USC00123527.txt- number of records ingested: 10896
INFO:root:USC00127755.txt start time: 2023-03-30 17:49:42.237981
INFO:root:USC00127755.txt end time: 2023-03-30 17:49:42.315753
INFO:root:USC00127755.txt- number of records ingested: 8467
INFO:root:USC00111436.txt start time: 2023-03-30 17:49:42.315934
INFO:root:USC00111436.txt end time: 2023-03-30 17:49:42.413727
INFO:root:USC00111436.txt- number of records ingested: 10744
INFO:root:USC00110072.txt start time: 2023-03-30 17:49:42.413893
INFO:root:USC00110072.txt end time: 2023-03-30 17:49:42.512932
INFO:root:USC00110072.txt- number of records ingested: 10865
INFO:root:USC00131533.txt start time: 2023-03-30 17:49:42.513094
INFO:root:USC00131533.txt end time: 2023-03-30 17:49:42.612297
INFO:root:USC00131533.txt- number of records ingested: 10957
INFO:root:USC00135769.txt start time: 2023-03-30 17:49:42.612462
INFO:root:USC00135769.txt end time: 2023-03-30 17:49:42.710980
INFO:root:USC00135769.txt- number of records ingested: 10833
INFO:root:USC00135796.txt start time: 2023-03-30 17:49:42.711152
INFO:root:USC00135796.txt end time: 2023-03-30 17:49:42.811225
INFO:root:USC00135796.txt- number of records ingested: 10957
INFO:root:USC00119241.txt start time: 2023-03-30 17:49:42.811391
INFO:root:USC00119241.txt end time: 2023-03-30 17:49:42.908441
INFO:root:USC00119241.txt- number of records ingested: 10869
INFO:root:USC00336781.txt start time: 2023-03-30 17:49:42.908616
INFO:root:USC00336781.txt end time: 2023-03-30 17:49:43.007467
INFO:root:USC00336781.txt- number of records ingested: 10927
INFO:root:USC00254110.txt start time: 2023-03-30 17:49:43.007622
INFO:root:USC00254110.txt end time: 2023-03-30 17:49:43.104003
INFO:root:USC00254110.txt- number of records ingested: 10683
INFO:root:USC00253910.txt start time: 2023-03-30 17:49:43.104159
INFO:root:USC00253910.txt end time: 2023-03-30 17:49:43.202802
INFO:root:USC00253910.txt- number of records ingested: 10957
INFO:root:USC00253630.txt start time: 2023-03-30 17:49:43.202972
INFO:root:USC00253630.txt end time: 2023-03-30 17:49:43.304683
INFO:root:USC00253630.txt- number of records ingested: 10927
INFO:root:USC00126001.txt start time: 2023-03-30 17:49:43.304864
INFO:root:USC00126001.txt end time: 2023-03-30 17:49:43.402182
INFO:root:USC00126001.txt- number of records ingested: 10562
INFO:root:USC00255080.txt start time: 2023-03-30 17:49:43.402343
INFO:root:USC00255080.txt end time: 2023-03-30 17:49:43.491748
INFO:root:USC00255080.txt- number of records ingested: 9556
INFO:root:USC00117551.txt start time: 2023-03-30 17:49:43.491919
INFO:root:USC00117551.txt end time: 2023-03-30 17:49:43.594923
INFO:root:USC00117551.txt- number of records ingested: 10803
INFO:root:USC00121747.txt start time: 2023-03-30 17:49:43.595086
INFO:root:USC00121747.txt end time: 2023-03-30 17:49:43.699462
INFO:root:USC00121747.txt- number of records ingested: 10957
INFO:root:USC00127875.txt start time: 2023-03-30 17:49:43.699648
INFO:root:USC00127875.txt end time: 2023-03-30 17:49:43.777239
INFO:root:USC00127875.txt- number of records ingested: 8219
INFO:root:USC00127646.txt start time: 2023-03-30 17:49:43.777401
INFO:root:USC00127646.txt end time: 2023-03-30 17:49:43.882469
INFO:root:USC00127646.txt- number of records ingested: 10957
INFO:root:USC00111280.txt start time: 2023-03-30 17:49:43.882638
INFO:root:USC00111280.txt end time: 2023-03-30 17:49:43.966715
INFO:root:USC00111280.txt- number of records ingested: 9343
INFO:root:USC00121425.txt start time: 2023-03-30 17:49:43.966880
INFO:root:USC00121425.txt end time: 2023-03-30 17:49:44.020296
INFO:root:USC00121425.txt- number of records ingested: 5811
INFO:root:USC00129253.txt start time: 2023-03-30 17:49:44.020466
INFO:root:USC00129253.txt end time: 2023-03-30 17:49:44.113783
INFO:root:USC00129253.txt- number of records ingested: 10468
INFO:root:USC00250070.txt start time: 2023-03-30 17:49:44.113960
INFO:root:USC00250070.txt end time: 2023-03-30 17:49:44.197234
INFO:root:USC00250070.txt- number of records ingested: 8918
INFO:root:USC00252840.txt start time: 2023-03-30 17:49:44.197410
INFO:root:USC00252840.txt end time: 2023-03-30 17:49:44.287921
INFO:root:USC00252840.txt- number of records ingested: 9771
INFO:root:USC00116738.txt start time: 2023-03-30 17:49:44.288100
INFO:root:USC00116738.txt end time: 2023-03-30 17:49:44.367813
INFO:root:USC00116738.txt- number of records ingested: 8126
INFO:root:USC00253035.txt start time: 2023-03-30 17:49:44.367978
INFO:root:USC00253035.txt end time: 2023-03-30 17:49:44.387996
INFO:root:USC00253035.txt- number of records ingested: 2069
INFO:root:USC00130112.txt start time: 2023-03-30 17:49:44.388174
INFO:root:USC00130112.txt end time: 2023-03-30 17:49:44.488039
INFO:root:USC00130112.txt- number of records ingested: 10806
INFO:root:USC00338534.txt start time: 2023-03-30 17:49:44.488201
INFO:root:USC00338534.txt end time: 2023-03-30 17:49:44.583756
INFO:root:USC00338534.txt- number of records ingested: 10469
INFO:root:USC00115768.txt start time: 2023-03-30 17:49:44.583921
INFO:root:USC00115768.txt end time: 2023-03-30 17:49:44.679573
INFO:root:USC00115768.txt- number of records ingested: 10745
INFO:root:USC00131635.txt start time: 2023-03-30 17:49:44.679741
INFO:root:USC00131635.txt end time: 2023-03-30 17:49:44.778478
INFO:root:USC00131635.txt- number of records ingested: 10957
INFO:root:USC00251145.txt start time: 2023-03-30 17:49:44.778638
INFO:root:USC00251145.txt end time: 2023-03-30 17:49:44.876812
INFO:root:USC00251145.txt- number of records ingested: 10836
INFO:root:USC00252100.txt start time: 2023-03-30 17:49:44.876979
INFO:root:USC00252100.txt end time: 2023-03-30 17:49:44.972261
INFO:root:USC00252100.txt- number of records ingested: 10713
INFO:root:USC00119354.txt start time: 2023-03-30 17:49:44.972425
INFO:root:USC00119354.txt end time: 2023-03-30 17:49:45.068183
INFO:root:USC00119354.txt- number of records ingested: 10896
INFO:root:USC00113335.txt start time: 2023-03-30 17:49:45.068343
INFO:root:USC00113335.txt end time: 2023-03-30 17:49:45.163123
INFO:root:USC00113335.txt- number of records ingested: 10652
INFO:root:USC00256570.txt start time: 2023-03-30 17:49:45.163285
INFO:root:USC00256570.txt end time: 2023-03-30 17:49:45.264568
INFO:root:USC00256570.txt- number of records ingested: 10836
INFO:root:USC00124837.txt start time: 2023-03-30 17:49:45.264741
INFO:root:USC00124837.txt end time: 2023-03-30 17:49:45.363756
INFO:root:USC00124837.txt- number of records ingested: 10866
INFO:root:USC00112348.txt start time: 2023-03-30 17:49:45.363935
INFO:root:USC00112348.txt end time: 2023-03-30 17:49:45.450923
INFO:root:USC00112348.txt- number of records ingested: 9681
INFO:root:USC00332791.txt start time: 2023-03-30 17:49:45.451104
INFO:root:USC00332791.txt end time: 2023-03-30 17:49:45.549953
INFO:root:USC00332791.txt- number of records ingested: 10957
INFO:root:USC00336118.txt start time: 2023-03-30 17:49:45.550127
INFO:root:USC00336118.txt end time: 2023-03-30 17:49:45.647391
INFO:root:USC00336118.txt- number of records ingested: 10957
INFO:root:USC00129080.txt start time: 2023-03-30 17:49:45.647557
INFO:root:USC00129080.txt end time: 2023-03-30 17:49:45.716588
INFO:root:USC00129080.txt- number of records ingested: 7609
INFO:root:USC00127522.txt start time: 2023-03-30 17:49:45.716764
INFO:root:USC00127522.txt end time: 2023-03-30 17:49:45.814028
INFO:root:USC00127522.txt- number of records ingested: 10926
INFO:root:USC00125337.txt start time: 2023-03-30 17:49:45.814220
INFO:root:USC00125337.txt end time: 2023-03-30 17:49:45.911750
INFO:root:USC00125337.txt- number of records ingested: 10926
INFO:root:USC00123418.txt start time: 2023-03-30 17:49:45.911930
INFO:root:USC00123418.txt end time: 2023-03-30 17:49:46.009329
INFO:root:USC00123418.txt- number of records ingested: 10957
INFO:root:USC00127482.txt start time: 2023-03-30 17:49:46.009490
INFO:root:USC00127482.txt end time: 2023-03-30 17:49:46.111263
INFO:root:USC00127482.txt- number of records ingested: 10957
INFO:root:USC00121030.txt start time: 2023-03-30 17:49:46.111427
INFO:root:USC00121030.txt end time: 2023-03-30 17:49:46.202553
INFO:root:USC00121030.txt- number of records ingested: 10135
INFO:root:USC00253185.txt start time: 2023-03-30 17:49:46.202728
INFO:root:USC00253185.txt end time: 2023-03-30 17:49:46.301442
INFO:root:USC00253185.txt- number of records ingested: 10957
INFO:root:USC00331072.txt start time: 2023-03-30 17:49:46.301605
INFO:root:USC00331072.txt end time: 2023-03-30 17:49:46.402962
INFO:root:USC00331072.txt- number of records ingested: 10957
INFO:root:USC00120676.txt start time: 2023-03-30 17:49:46.403131
INFO:root:USC00120676.txt end time: 2023-03-30 17:49:46.499503
INFO:root:USC00120676.txt- number of records ingested: 10652
INFO:root:USC00127125.txt start time: 2023-03-30 17:49:46.499663
INFO:root:USC00127125.txt end time: 2023-03-30 17:49:46.595265
INFO:root:USC00127125.txt- number of records ingested: 10804
INFO:root:USC00331890.txt start time: 2023-03-30 17:49:46.595428
INFO:root:USC00331890.txt end time: 2023-03-30 17:49:46.694489
INFO:root:USC00331890.txt- number of records ingested: 10772
INFO:root:USC00254985.txt start time: 2023-03-30 17:49:46.694661
INFO:root:USC00254985.txt end time: 2023-03-30 17:49:46.788850
INFO:root:USC00254985.txt- number of records ingested: 9861
INFO:root:USC00259090.txt start time: 2023-03-30 17:49:46.789033
INFO:root:USC00259090.txt end time: 2023-03-30 17:49:46.880745
INFO:root:USC00259090.txt- number of records ingested: 9374
INFO:werkzeug:[31m[1mWARNING: This is a development server. Do not use it in a production deployment. Use a production WSGI server instead.[0m
 * Running on http://127.0.0.1:5000
INFO:werkzeug:[33mPress CTRL+C to quit[0m
INFO:werkzeug:127.0.0.1 - - [30/Mar/2023 17:50:13] "GET /api/weather/ HTTP/1.1" 200 -
